This is pdfTeX, Version 3.141592653-2.6-1.40.22 (MiKTeX 21.6) (preloaded format=pdflatex 2021.9.7)  7 SEP 2021 21:01
entering extended mode
**"./B.E. Report Template.tex"
(B.E. Report Template.tex
LaTeX2e <2021-06-01>
L3 programming layer <2021-06-01>
(E:\#Program Files\basic-miktex-21.6-x64\tex/latex/base\report.cls
Document Class: report 2021/02/12 v1.4n Standard LaTeX document class
(E:\#Program Files\basic-miktex-21.6-x64\tex/latex/base\size10.clo
File: size10.clo 2021/02/12 v1.4n Standard LaTeX file (size option)
)
\c@part=\count182
\c@chapter=\count183
\c@section=\count184
\c@subsection=\count185
\c@subsubsection=\count186
\c@paragraph=\count187
\c@subparagraph=\count188
\c@figure=\count189
\c@table=\count190
\abovecaptionskip=\skip47
\belowcaptionskip=\skip48
\bibindent=\dimen138
)
(E:\#Program Files\basic-miktex-21.6-x64\tex/latex/geometry\geometry.sty
Package: geometry 2020/01/02 v5.9 Page Geometry

(E:\#Program Files\basic-miktex-21.6-x64\tex/latex/graphics\keyval.sty
Package: keyval 2014/10/28 v1.15 key=value parser (DPC)
\KV@toks@=\toks16
)
(E:\#Program Files\basic-miktex-21.6-x64\tex/generic/iftex\ifvtex.sty
Package: ifvtex 2019/10/25 v1.7 ifvtex legacy package. Use iftex instead.

(E:\#Program Files\basic-miktex-21.6-x64\tex/generic/iftex\iftex.sty
Package: iftex 2020/03/06 v1.0d TeX engine tests
))
\Gm@cnth=\count191
\Gm@cntv=\count192
\c@Gm@tempcnt=\count193
\Gm@bindingoffset=\dimen139
\Gm@wd@mp=\dimen140
\Gm@odd@mp=\dimen141
\Gm@even@mp=\dimen142
\Gm@layoutwidth=\dimen143
\Gm@layoutheight=\dimen144
\Gm@layouthoffset=\dimen145
\Gm@layoutvoffset=\dimen146
\Gm@dimlist=\toks17

(E:\#Program Files\basic-miktex-21.6-x64\tex/latex/geometry\geometry.cfg))
(E:\#Program Files\basic-miktex-21.6-x64\tex/latex/pgf/frontendlayer\tikz.sty
(E:\#Program Files\basic-miktex-21.6-x64\tex/latex/pgf/basiclayer\pgf.sty
(E:\#Program Files\basic-miktex-21.6-x64\tex/latex/pgf/utilities\pgfrcs.sty
(E:\#Program Files\basic-miktex-21.6-x64\tex/generic/pgf/utilities\pgfutil-comm
on.tex
\pgfutil@everybye=\toks18
\pgfutil@tempdima=\dimen147
\pgfutil@tempdimb=\dimen148

(E:\#Program Files\basic-miktex-21.6-x64\tex/generic/pgf/utilities\pgfutil-comm
on-lists.tex))
(E:\#Program Files\basic-miktex-21.6-x64\tex/generic/pgf/utilities\pgfutil-late
x.def
\pgfutil@abb=\box50
)
(E:\#Program Files\basic-miktex-21.6-x64\tex/generic/pgf/utilities\pgfrcs.code.
tex (E:\#Program Files\basic-miktex-21.6-x64\tex/generic/pgf\pgf.revision.tex)
Package: pgfrcs 2021/05/15 v3.1.9a (3.1.9a)
))
Package: pgf 2021/05/15 v3.1.9a (3.1.9a)
 (E:\#Program Files\basic-miktex-21.6-x64\tex/latex/pgf/basiclayer\pgfcore.sty 
(E:\#Program Files\basic-miktex-21.6-x64\tex/latex/graphics\graphicx.sty
Package: graphicx 2020/12/05 v1.2c Enhanced LaTeX Graphics (DPC,SPQR)

(E:\#Program Files\basic-miktex-21.6-x64\tex/latex/graphics\graphics.sty
Package: graphics 2021/03/04 v1.4d Standard LaTeX Graphics (DPC,SPQR)

(E:\#Program Files\basic-miktex-21.6-x64\tex/latex/graphics\trig.sty
Package: trig 2016/01/03 v1.10 sin cos tan (DPC)
)
(E:\#Program Files\basic-miktex-21.6-x64\tex/latex/graphics-cfg\graphics.cfg
File: graphics.cfg 2016/06/04 v1.11 sample graphics configuration
)
Package graphics Info: Driver file: pdftex.def on input line 107.

(E:\#Program Files\basic-miktex-21.6-x64\tex/latex/graphics-def\pdftex.def
File: pdftex.def 2020/10/05 v1.2a Graphics/color driver for pdftex
))
\Gin@req@height=\dimen149
\Gin@req@width=\dimen150
)
(E:\#Program Files\basic-miktex-21.6-x64\tex/latex/pgf/systemlayer\pgfsys.sty
(E:\#Program Files\basic-miktex-21.6-x64\tex/generic/pgf/systemlayer\pgfsys.cod
e.tex
Package: pgfsys 2021/05/15 v3.1.9a (3.1.9a)

(E:\#Program Files\basic-miktex-21.6-x64\tex/generic/pgf/utilities\pgfkeys.code
.tex
\pgfkeys@pathtoks=\toks19
\pgfkeys@temptoks=\toks20

(E:\#Program Files\basic-miktex-21.6-x64\tex/generic/pgf/utilities\pgfkeysfilte
red.code.tex
\pgfkeys@tmptoks=\toks21
))
\pgf@x=\dimen151
\pgf@y=\dimen152
\pgf@xa=\dimen153
\pgf@ya=\dimen154
\pgf@xb=\dimen155
\pgf@yb=\dimen156
\pgf@xc=\dimen157
\pgf@yc=\dimen158
\pgf@xd=\dimen159
\pgf@yd=\dimen160
\w@pgf@writea=\write3
\r@pgf@reada=\read2
\c@pgf@counta=\count194
\c@pgf@countb=\count195
\c@pgf@countc=\count196
\c@pgf@countd=\count197
\t@pgf@toka=\toks22
\t@pgf@tokb=\toks23
\t@pgf@tokc=\toks24
\pgf@sys@id@count=\count198

(E:\#Program Files\basic-miktex-21.6-x64\tex/generic/pgf/systemlayer\pgf.cfg
File: pgf.cfg 2021/05/15 v3.1.9a (3.1.9a)
)
Driver file for pgf: pgfsys-pdftex.def

(E:\#Program Files\basic-miktex-21.6-x64\tex/generic/pgf/systemlayer\pgfsys-pdf
tex.def
File: pgfsys-pdftex.def 2021/05/15 v3.1.9a (3.1.9a)

(E:\#Program Files\basic-miktex-21.6-x64\tex/generic/pgf/systemlayer\pgfsys-com
mon-pdf.def
File: pgfsys-common-pdf.def 2021/05/15 v3.1.9a (3.1.9a)
)))
(E:\#Program Files\basic-miktex-21.6-x64\tex/generic/pgf/systemlayer\pgfsyssoft
path.code.tex
File: pgfsyssoftpath.code.tex 2021/05/15 v3.1.9a (3.1.9a)
\pgfsyssoftpath@smallbuffer@items=\count199
\pgfsyssoftpath@bigbuffer@items=\count266
)
(E:\#Program Files\basic-miktex-21.6-x64\tex/generic/pgf/systemlayer\pgfsysprot
ocol.code.tex
File: pgfsysprotocol.code.tex 2021/05/15 v3.1.9a (3.1.9a)
))
(E:\#Program Files\basic-miktex-21.6-x64\tex/latex/xcolor\xcolor.sty
Package: xcolor 2016/05/11 v2.12 LaTeX color extensions (UK)

(E:\#Program Files\basic-miktex-21.6-x64\tex/latex/graphics-cfg\color.cfg
File: color.cfg 2016/01/02 v1.6 sample color configuration
)
Package xcolor Info: Driver file: pdftex.def on input line 225.
Package xcolor Info: Model `cmy' substituted by `cmy0' on input line 1348.
Package xcolor Info: Model `hsb' substituted by `rgb' on input line 1352.
Package xcolor Info: Model `RGB' extended on input line 1364.
Package xcolor Info: Model `HTML' substituted by `rgb' on input line 1366.
Package xcolor Info: Model `Hsb' substituted by `hsb' on input line 1367.
Package xcolor Info: Model `tHsb' substituted by `hsb' on input line 1368.
Package xcolor Info: Model `HSB' substituted by `hsb' on input line 1369.
Package xcolor Info: Model `Gray' substituted by `gray' on input line 1370.
Package xcolor Info: Model `wave' substituted by `hsb' on input line 1371.
)
(E:\#Program Files\basic-miktex-21.6-x64\tex/generic/pgf/basiclayer\pgfcore.cod
e.tex
Package: pgfcore 2021/05/15 v3.1.9a (3.1.9a)

(E:\#Program Files\basic-miktex-21.6-x64\tex/generic/pgf/math\pgfmath.code.tex
(E:\#Program Files\basic-miktex-21.6-x64\tex/generic/pgf/math\pgfmathcalc.code.
tex
(E:\#Program Files\basic-miktex-21.6-x64\tex/generic/pgf/math\pgfmathutil.code.
tex)
(E:\#Program Files\basic-miktex-21.6-x64\tex/generic/pgf/math\pgfmathparser.cod
e.tex
\pgfmath@dimen=\dimen161
\pgfmath@count=\count267
\pgfmath@box=\box51
\pgfmath@toks=\toks25
\pgfmath@stack@operand=\toks26
\pgfmath@stack@operation=\toks27
)
(E:\#Program Files\basic-miktex-21.6-x64\tex/generic/pgf/math\pgfmathfunctions.
code.tex
(E:\#Program Files\basic-miktex-21.6-x64\tex/generic/pgf/math\pgfmathfunctions.
basic.code.tex)
(E:\#Program Files\basic-miktex-21.6-x64\tex/generic/pgf/math\pgfmathfunctions.
trigonometric.code.tex)
(E:\#Program Files\basic-miktex-21.6-x64\tex/generic/pgf/math\pgfmathfunctions.
random.code.tex)
(E:\#Program Files\basic-miktex-21.6-x64\tex/generic/pgf/math\pgfmathfunctions.
comparison.code.tex)
(E:\#Program Files\basic-miktex-21.6-x64\tex/generic/pgf/math\pgfmathfunctions.
base.code.tex)
(E:\#Program Files\basic-miktex-21.6-x64\tex/generic/pgf/math\pgfmathfunctions.
round.code.tex)
(E:\#Program Files\basic-miktex-21.6-x64\tex/generic/pgf/math\pgfmathfunctions.
misc.code.tex)
(E:\#Program Files\basic-miktex-21.6-x64\tex/generic/pgf/math\pgfmathfunctions.
integerarithmetics.code.tex)))
(E:\#Program Files\basic-miktex-21.6-x64\tex/generic/pgf/math\pgfmathfloat.code
.tex
\c@pgfmathroundto@lastzeros=\count268
))
(E:\#Program Files\basic-miktex-21.6-x64\tex/generic/pgf/math\pgfint.code.tex)
(E:\#Program Files\basic-miktex-21.6-x64\tex/generic/pgf/basiclayer\pgfcorepoin
ts.code.tex
File: pgfcorepoints.code.tex 2021/05/15 v3.1.9a (3.1.9a)
\pgf@picminx=\dimen162
\pgf@picmaxx=\dimen163
\pgf@picminy=\dimen164
\pgf@picmaxy=\dimen165
\pgf@pathminx=\dimen166
\pgf@pathmaxx=\dimen167
\pgf@pathminy=\dimen168
\pgf@pathmaxy=\dimen169
\pgf@xx=\dimen170
\pgf@xy=\dimen171
\pgf@yx=\dimen172
\pgf@yy=\dimen173
\pgf@zx=\dimen174
\pgf@zy=\dimen175
)
(E:\#Program Files\basic-miktex-21.6-x64\tex/generic/pgf/basiclayer\pgfcorepath
construct.code.tex
File: pgfcorepathconstruct.code.tex 2021/05/15 v3.1.9a (3.1.9a)
\pgf@path@lastx=\dimen176
\pgf@path@lasty=\dimen177
)
(E:\#Program Files\basic-miktex-21.6-x64\tex/generic/pgf/basiclayer\pgfcorepath
usage.code.tex
File: pgfcorepathusage.code.tex 2021/05/15 v3.1.9a (3.1.9a)
\pgf@shorten@end@additional=\dimen178
\pgf@shorten@start@additional=\dimen179
)
(E:\#Program Files\basic-miktex-21.6-x64\tex/generic/pgf/basiclayer\pgfcorescop
es.code.tex
File: pgfcorescopes.code.tex 2021/05/15 v3.1.9a (3.1.9a)
\pgfpic=\box52
\pgf@hbox=\box53
\pgf@layerbox@main=\box54
\pgf@picture@serial@count=\count269
)
(E:\#Program Files\basic-miktex-21.6-x64\tex/generic/pgf/basiclayer\pgfcoregrap
hicstate.code.tex
File: pgfcoregraphicstate.code.tex 2021/05/15 v3.1.9a (3.1.9a)
\pgflinewidth=\dimen180
)
(E:\#Program Files\basic-miktex-21.6-x64\tex/generic/pgf/basiclayer\pgfcoretran
sformations.code.tex
File: pgfcoretransformations.code.tex 2021/05/15 v3.1.9a (3.1.9a)
\pgf@pt@x=\dimen181
\pgf@pt@y=\dimen182
\pgf@pt@temp=\dimen183
)
(E:\#Program Files\basic-miktex-21.6-x64\tex/generic/pgf/basiclayer\pgfcorequic
k.code.tex
File: pgfcorequick.code.tex 2021/05/15 v3.1.9a (3.1.9a)
)
(E:\#Program Files\basic-miktex-21.6-x64\tex/generic/pgf/basiclayer\pgfcoreobje
cts.code.tex
File: pgfcoreobjects.code.tex 2021/05/15 v3.1.9a (3.1.9a)
)
(E:\#Program Files\basic-miktex-21.6-x64\tex/generic/pgf/basiclayer\pgfcorepath
processing.code.tex
File: pgfcorepathprocessing.code.tex 2021/05/15 v3.1.9a (3.1.9a)
)
(E:\#Program Files\basic-miktex-21.6-x64\tex/generic/pgf/basiclayer\pgfcorearro
ws.code.tex
File: pgfcorearrows.code.tex 2021/05/15 v3.1.9a (3.1.9a)
\pgfarrowsep=\dimen184
)
(E:\#Program Files\basic-miktex-21.6-x64\tex/generic/pgf/basiclayer\pgfcoreshad
e.code.tex
File: pgfcoreshade.code.tex 2021/05/15 v3.1.9a (3.1.9a)
\pgf@max=\dimen185
\pgf@sys@shading@range@num=\count270
\pgf@shadingcount=\count271
)
(E:\#Program Files\basic-miktex-21.6-x64\tex/generic/pgf/basiclayer\pgfcoreimag
e.code.tex
File: pgfcoreimage.code.tex 2021/05/15 v3.1.9a (3.1.9a)

(E:\#Program Files\basic-miktex-21.6-x64\tex/generic/pgf/basiclayer\pgfcoreexte
rnal.code.tex
File: pgfcoreexternal.code.tex 2021/05/15 v3.1.9a (3.1.9a)
\pgfexternal@startupbox=\box55
))
(E:\#Program Files\basic-miktex-21.6-x64\tex/generic/pgf/basiclayer\pgfcorelaye
rs.code.tex
File: pgfcorelayers.code.tex 2021/05/15 v3.1.9a (3.1.9a)
)
(E:\#Program Files\basic-miktex-21.6-x64\tex/generic/pgf/basiclayer\pgfcoretran
sparency.code.tex
File: pgfcoretransparency.code.tex 2021/05/15 v3.1.9a (3.1.9a)
)
(E:\#Program Files\basic-miktex-21.6-x64\tex/generic/pgf/basiclayer\pgfcorepatt
erns.code.tex
File: pgfcorepatterns.code.tex 2021/05/15 v3.1.9a (3.1.9a)
)
(E:\#Program Files\basic-miktex-21.6-x64\tex/generic/pgf/basiclayer\pgfcorerdf.
code.tex
File: pgfcorerdf.code.tex 2021/05/15 v3.1.9a (3.1.9a)
)))
(E:\#Program Files\basic-miktex-21.6-x64\tex/generic/pgf/modules\pgfmoduleshape
s.code.tex
File: pgfmoduleshapes.code.tex 2021/05/15 v3.1.9a (3.1.9a)
\pgfnodeparttextbox=\box56
)
(E:\#Program Files\basic-miktex-21.6-x64\tex/generic/pgf/modules\pgfmoduleplot.
code.tex
File: pgfmoduleplot.code.tex 2021/05/15 v3.1.9a (3.1.9a)
)
(E:\#Program Files\basic-miktex-21.6-x64\tex/latex/pgf/compatibility\pgfcomp-ve
rsion-0-65.sty
Package: pgfcomp-version-0-65 2021/05/15 v3.1.9a (3.1.9a)
\pgf@nodesepstart=\dimen186
\pgf@nodesepend=\dimen187
)
(E:\#Program Files\basic-miktex-21.6-x64\tex/latex/pgf/compatibility\pgfcomp-ve
rsion-1-18.sty
Package: pgfcomp-version-1-18 2021/05/15 v3.1.9a (3.1.9a)
))
(E:\#Program Files\basic-miktex-21.6-x64\tex/latex/pgf/utilities\pgffor.sty
(E:\#Program Files\basic-miktex-21.6-x64\tex/latex/pgf/utilities\pgfkeys.sty
(E:\#Program Files\basic-miktex-21.6-x64\tex/generic/pgf/utilities\pgfkeys.code
.tex)) (E:\#Program Files\basic-miktex-21.6-x64\tex/latex/pgf/math\pgfmath.sty
(E:\#Program Files\basic-miktex-21.6-x64\tex/generic/pgf/math\pgfmath.code.tex)
)
(E:\#Program Files\basic-miktex-21.6-x64\tex/generic/pgf/utilities\pgffor.code.
tex
Package: pgffor 2021/05/15 v3.1.9a (3.1.9a)

(E:\#Program Files\basic-miktex-21.6-x64\tex/generic/pgf/math\pgfmath.code.tex)
\pgffor@iter=\dimen188
\pgffor@skip=\dimen189
\pgffor@stack=\toks28
\pgffor@toks=\toks29
))
(E:\#Program Files\basic-miktex-21.6-x64\tex/generic/pgf/frontendlayer/tikz\tik
z.code.tex
Package: tikz 2021/05/15 v3.1.9a (3.1.9a)

(E:\#Program Files\basic-miktex-21.6-x64\tex/generic/pgf/libraries\pgflibrarypl
othandlers.code.tex
File: pgflibraryplothandlers.code.tex 2021/05/15 v3.1.9a (3.1.9a)
\pgf@plot@mark@count=\count272
\pgfplotmarksize=\dimen190
)
\tikz@lastx=\dimen191
\tikz@lasty=\dimen192
\tikz@lastxsaved=\dimen193
\tikz@lastysaved=\dimen194
\tikz@lastmovetox=\dimen195
\tikz@lastmovetoy=\dimen196
\tikzleveldistance=\dimen197
\tikzsiblingdistance=\dimen198
\tikz@figbox=\box57
\tikz@figbox@bg=\box58
\tikz@tempbox=\box59
\tikz@tempbox@bg=\box60
\tikztreelevel=\count273
\tikznumberofchildren=\count274
\tikznumberofcurrentchild=\count275
\tikz@fig@count=\count276

(E:\#Program Files\basic-miktex-21.6-x64\tex/generic/pgf/modules\pgfmodulematri
x.code.tex
File: pgfmodulematrix.code.tex 2021/05/15 v3.1.9a (3.1.9a)
\pgfmatrixcurrentrow=\count277
\pgfmatrixcurrentcolumn=\count278
\pgf@matrix@numberofcolumns=\count279
)
\tikz@expandcount=\count280

(E:\#Program Files\basic-miktex-21.6-x64\tex/generic/pgf/frontendlayer/tikz/lib
raries\tikzlibrarytopaths.code.tex
File: tikzlibrarytopaths.code.tex 2021/05/15 v3.1.9a (3.1.9a)
)))
(E:\#Program Files\basic-miktex-21.6-x64\tex/generic/pgf/frontendlayer/tikz/lib
raries\tikzlibrarycalc.code.tex
File: tikzlibrarycalc.code.tex 2021/05/15 v3.1.9a (3.1.9a)
)
(E:\#Program Files\basic-miktex-21.6-x64\tex/latex/fancyhdr\fancyhdr.sty
Package: fancyhdr 2021/01/28 v4.0.1 Extensive control of page headers and foote
rs
\f@nch@headwidth=\skip49
\f@nch@O@elh=\skip50
\f@nch@O@erh=\skip51
\f@nch@O@olh=\skip52
\f@nch@O@orh=\skip53
\f@nch@O@elf=\skip54
\f@nch@O@erf=\skip55
\f@nch@O@olf=\skip56
\f@nch@O@orf=\skip57
)
(E:\#Program Files\basic-miktex-21.6-x64\tex/latex/setspace\setspace.sty
Package: setspace 2011/12/19 v6.7a set line spacing
)
(E:\#Program Files\basic-miktex-21.6-x64\tex/latex/tools\multicol.sty
Package: multicol 2019/12/09 v1.8y multicolumn formatting (FMi)
\c@tracingmulticols=\count281
\mult@box=\box61
\multicol@leftmargin=\dimen199
\c@unbalance=\count282
\c@collectmore=\count283
\doublecol@number=\count284
\multicoltolerance=\count285
\multicolpretolerance=\count286
\full@width=\dimen256
\page@free=\dimen257
\premulticols=\dimen258
\postmulticols=\dimen259
\multicolsep=\skip58
\multicolbaselineskip=\skip59
\partial@page=\box62
\last@line=\box63
\maxbalancingoverflow=\dimen260
\mult@rightbox=\box64
\mult@grightbox=\box65
\mult@gfirstbox=\box66
\mult@firstbox=\box67
\@tempa=\box68
\@tempa=\box69
\@tempa=\box70
\@tempa=\box71
\@tempa=\box72
\@tempa=\box73
\@tempa=\box74
\@tempa=\box75
\@tempa=\box76
\@tempa=\box77
\@tempa=\box78
\@tempa=\box79
\@tempa=\box80
\@tempa=\box81
\@tempa=\box82
\@tempa=\box83
\@tempa=\box84
\@tempa=\box85
\@tempa=\box86
\@tempa=\box87
\@tempa=\box88
\@tempa=\box89
\@tempa=\box90
\@tempa=\box91
\@tempa=\box92
\@tempa=\box93
\@tempa=\box94
\@tempa=\box95
\@tempa=\box96
\@tempa=\box97
\@tempa=\box98
\@tempa=\box99
\@tempa=\box100
\@tempa=\box101
\@tempa=\box102
\@tempa=\box103
\@tempa=\box104
\c@minrows=\count287
\c@columnbadness=\count288
\c@finalcolumnbadness=\count289
\last@try=\dimen261
\multicolovershoot=\dimen262
\multicolundershoot=\dimen263
\mult@nat@firstbox=\box105
\colbreak@box=\box106
\mc@col@check@num=\count290
)
(E:\#Program Files\basic-miktex-21.6-x64\tex/latex/ragged2e\ragged2e.sty
Package: ragged2e 2021/02/05 v3.0 ragged2e Package
\CenteringLeftskip=\skip60
\RaggedLeftLeftskip=\skip61
\RaggedRightLeftskip=\skip62
\CenteringRightskip=\skip63
\RaggedLeftRightskip=\skip64
\RaggedRightRightskip=\skip65
\CenteringParfillskip=\skip66
\RaggedLeftParfillskip=\skip67
\RaggedRightParfillskip=\skip68
\JustifyingParfillskip=\skip69
\CenteringParindent=\skip70
\RaggedLeftParindent=\skip71
\RaggedRightParindent=\skip72
\JustifyingParindent=\skip73
)
(E:\#Program Files\basic-miktex-21.6-x64\tex/latex/multirow\multirow.sty
Package: multirow 2021/03/15 v2.8 Span multiple rows of a table
\multirow@colwidth=\skip74
\multirow@cntb=\count291
\multirow@dima=\skip75
\bigstrutjot=\dimen264
)
(E:\#Program Files\basic-miktex-21.6-x64\tex/latex/appendix\appendix.sty
Package: appendix 2020/02/08 v1.2c extra appendix facilities
\c@@pps=\count292
\c@@ppsavesec=\count293
\c@@ppsaveapp=\count294
)
(E:\#Program Files\basic-miktex-21.6-x64\tex/latex/float\float.sty
Package: float 2001/11/08 v1.3d Float enhancements (AL)
\c@float@type=\count295
\float@exts=\toks30
\float@box=\box107
\@float@everytoks=\toks31
\@floatcapt=\box108
)
(E:\#Program Files\basic-miktex-21.6-x64\tex/latex/colortbl\colortbl.sty
Package: colortbl 2020/01/04 v1.0e Color table columns (DPC)

(E:\#Program Files\basic-miktex-21.6-x64\tex/latex/tools\array.sty
Package: array 2021/04/20 v2.5e Tabular extension package (FMi)
\col@sep=\dimen265
\ar@mcellbox=\box109
\extrarowheight=\dimen266
\NC@list=\toks32
\extratabsurround=\skip76
\backup@length=\skip77
\ar@cellbox=\box110
)
\everycr=\toks33
\minrowclearance=\skip78
)
(E:\#Program Files\basic-miktex-21.6-x64\tex/latex/url\url.sty
\Urlmuskip=\muskip16
Package: url 2013/09/16  ver 3.4  Verb mode for urls, etc.
)
(E:\#Program Files\basic-miktex-21.6-x64\tex/latex/lipsum\lipsum.sty
(E:\#Program Files\basic-miktex-21.6-x64\tex/latex/l3packages/l3keys2e\l3keys2e
.sty (E:\#Program Files\basic-miktex-21.6-x64\tex/latex/l3kernel\expl3.sty
Package: expl3 2021-06-01 L3 programming layer (loader) 

(E:\#Program Files\basic-miktex-21.6-x64\tex/latex/l3backend\l3backend-pdftex.d
ef
File: l3backend-pdftex.def 2021-05-07 L3 backend support: PDF output (pdfTeX)
\l__color_backend_stack_int=\count296
\l__pdf_internal_box=\box111
))
Package: l3keys2e 2021-06-01 LaTeX2e option processing using LaTeX3 keys
)
Package: lipsum 2021-08-01 v2.5 150 paragraphs of Lorem Ipsum dummy text
\g__lipsum_par_int=\count297
\l__lipsum_a_int=\count298
\l__lipsum_b_int=\count299
 (E:\#Program Files\basic-miktex-21.6-x64\tex/latex/lipsum\lipsum.ltd.tex)) (E:
\#Program Files\basic-miktex-21.6-x64\tex/generic/babel\babel.sty
Package: babel 2021/06/02 3.60 The Babel package

(E:\#Program Files\basic-miktex-21.6-x64\tex/generic/babel\babel.def
File: babel.def 2021/06/02 3.60 Babel common definitions
\babel@savecnt=\count300
\U@D=\dimen267
\l@unhyphenated=\language79

(E:\#Program Files\basic-miktex-21.6-x64\tex/generic/babel\txtbabel.def)
\bbl@readstream=\read3
)
\bbl@dirlevel=\count301

*************************************
* Local config file bblopts.cfg used
*
(E:\#Program Files\basic-miktex-21.6-x64\tex/latex/arabi\bblopts.cfg
File: bblopts.cfg 2005/09/08 v0.1 add Arabic and Farsi to "declared" options of
 babel
)
(E:\#Program Files\basic-miktex-21.6-x64\tex/latex/babel-english\english.ldf
Language: english 2017/06/06 v3.3r English support from the babel system
Package babel Info: Hyphen rules for 'canadian' set to \l@english
(babel)             (\language0). Reported on input line 102.
Package babel Info: Hyphen rules for 'australian' set to \l@ukenglish
(babel)             (\language73). Reported on input line 105.
Package babel Info: Hyphen rules for 'newzealand' set to \l@ukenglish
(babel)             (\language73). Reported on input line 108.
))
(E:\#Program Files\basic-miktex-21.6-x64\tex/latex/hyperref\hyperref.sty
Package: hyperref 2021-06-05 v7.00l Hypertext links for LaTeX

(E:\#Program Files\basic-miktex-21.6-x64\tex/generic/ltxcmds\ltxcmds.sty
Package: ltxcmds 2020-05-10 v1.25 LaTeX kernel commands for general use (HO)
)
(E:\#Program Files\basic-miktex-21.6-x64\tex/generic/pdftexcmds\pdftexcmds.sty
Package: pdftexcmds 2020-06-27 v0.33 Utility functions of pdfTeX for LuaTeX (HO
)

(E:\#Program Files\basic-miktex-21.6-x64\tex/generic/infwarerr\infwarerr.sty
Package: infwarerr 2019/12/03 v1.5 Providing info/warning/error messages (HO)
)
Package pdftexcmds Info: \pdf@primitive is available.
Package pdftexcmds Info: \pdf@ifprimitive is available.
Package pdftexcmds Info: \pdfdraftmode found.
)
(E:\#Program Files\basic-miktex-21.6-x64\tex/generic/kvsetkeys\kvsetkeys.sty
Package: kvsetkeys 2019/12/15 v1.18 Key value parser (HO)
)
(E:\#Program Files\basic-miktex-21.6-x64\tex/generic/kvdefinekeys\kvdefinekeys.
sty
Package: kvdefinekeys 2019-12-19 v1.6 Define keys (HO)
)
(E:\#Program Files\basic-miktex-21.6-x64\tex/generic/pdfescape\pdfescape.sty
Package: pdfescape 2019/12/09 v1.15 Implements pdfTeX's escape features (HO)
)
(E:\#Program Files\basic-miktex-21.6-x64\tex/latex/hycolor\hycolor.sty
Package: hycolor 2020-01-27 v1.10 Color options for hyperref/bookmark (HO)
)
(E:\#Program Files\basic-miktex-21.6-x64\tex/latex/letltxmacro\letltxmacro.sty
Package: letltxmacro 2019/12/03 v1.6 Let assignment for LaTeX macros (HO)
) (E:\#Program Files\basic-miktex-21.6-x64\tex/latex/auxhook\auxhook.sty
Package: auxhook 2019-12-17 v1.6 Hooks for auxiliary files (HO)
)
(E:\#Program Files\basic-miktex-21.6-x64\tex/latex/kvoptions\kvoptions.sty
Package: kvoptions 2020-10-07 v3.14 Key value format for package options (HO)
)
\@linkdim=\dimen268
\Hy@linkcounter=\count302
\Hy@pagecounter=\count303

(E:\#Program Files\basic-miktex-21.6-x64\tex/latex/hyperref\pd1enc.def
File: pd1enc.def 2021-06-05 v7.00l Hyperref: PDFDocEncoding definition (HO)
Now handling font encoding PD1 ...
... no UTF-8 mapping file for font encoding PD1
)
(E:\#Program Files\basic-miktex-21.6-x64\tex/latex/hyperref\hyperref-langpatche
s.def
File: hyperref-langpatches.def 2021-06-05 v7.00l Hyperref: patches for babel la
nguages
) (E:\#Program Files\basic-miktex-21.6-x64\tex/generic/intcalc\intcalc.sty
Package: intcalc 2019/12/15 v1.3 Expandable calculations with integers (HO)
) (E:\#Program Files\basic-miktex-21.6-x64\tex/generic/etexcmds\etexcmds.sty
Package: etexcmds 2019/12/15 v1.7 Avoid name clashes with e-TeX commands (HO)
)
\Hy@SavedSpaceFactor=\count304

(E:\#Program Files\basic-miktex-21.6-x64\tex/latex/hyperref\puenc.def
File: puenc.def 2021-06-05 v7.00l Hyperref: PDF Unicode definition (HO)
Now handling font encoding PU ...
... no UTF-8 mapping file for font encoding PU
)
Package hyperref Info: Hyper figures OFF on input line 4192.
Package hyperref Info: Link nesting OFF on input line 4197.
Package hyperref Info: Hyper index ON on input line 4200.
Package hyperref Info: Plain pages OFF on input line 4207.
Package hyperref Info: Backreferencing OFF on input line 4212.
Package hyperref Info: Implicit mode ON; LaTeX internals redefined.
Package hyperref Info: Bookmarks ON on input line 4445.
\c@Hy@tempcnt=\count305
LaTeX Info: Redefining \url on input line 4804.
\XeTeXLinkMargin=\dimen269

(E:\#Program Files\basic-miktex-21.6-x64\tex/generic/bitset\bitset.sty
Package: bitset 2019/12/09 v1.3 Handle bit-vector datatype (HO)

(E:\#Program Files\basic-miktex-21.6-x64\tex/generic/bigintcalc\bigintcalc.sty
Package: bigintcalc 2019/12/15 v1.5 Expandable calculations on big integers (HO
)
))
\Fld@menulength=\count306
\Field@Width=\dimen270
\Fld@charsize=\dimen271
Package hyperref Info: Hyper figures OFF on input line 6076.
Package hyperref Info: Link nesting OFF on input line 6081.
Package hyperref Info: Hyper index ON on input line 6084.
Package hyperref Info: backreferencing OFF on input line 6091.
Package hyperref Info: Link coloring OFF on input line 6096.
Package hyperref Info: Link coloring with OCG OFF on input line 6101.
Package hyperref Info: PDF/A mode OFF on input line 6106.
LaTeX Info: Redefining \ref on input line 6146.
LaTeX Info: Redefining \pageref on input line 6150.
 (E:\#Program Files\basic-miktex-21.6-x64\tex/latex/base\atbegshi-ltx.sty
Package: atbegshi-ltx 2021/01/10 v1.0c Emulation of the original atbegshi
package with kernel methods
)
\Hy@abspage=\count307
\c@Item=\count308
\c@Hfootnote=\count309
)
Package hyperref Info: Driver (autodetected): hpdftex.

(E:\#Program Files\basic-miktex-21.6-x64\tex/latex/hyperref\hpdftex.def
File: hpdftex.def 2021-06-05 v7.00l Hyperref driver for pdfTeX

(E:\#Program Files\basic-miktex-21.6-x64\tex/latex/base\atveryend-ltx.sty
Package: atveryend-ltx 2020/08/19 v1.0a Emulation of the original atvery packag
e
with kernel methods
)
\Fld@listcount=\count310
\c@bookmark@seq@number=\count311

(E:\#Program Files\basic-miktex-21.6-x64\tex/latex/rerunfilecheck\rerunfilechec
k.sty
Package: rerunfilecheck 2019/12/05 v1.9 Rerun checks for auxiliary files (HO)

(E:\#Program Files\basic-miktex-21.6-x64\tex/generic/uniquecounter\uniquecounte
r.sty
Package: uniquecounter 2019/12/15 v1.4 Provide unlimited unique counter (HO)
)
Package uniquecounter Info: New unique counter `rerunfilecheck' on input line 2
86.
)
\Hy@SectionHShift=\skip79
) (B.E. Report Template.aux)
\openout1 = `"B.E. Report Template.aux"'.

LaTeX Font Info:    Checking defaults for OML/cmm/m/it on input line 59.
LaTeX Font Info:    ... okay on input line 59.
LaTeX Font Info:    Checking defaults for OMS/cmsy/m/n on input line 59.
LaTeX Font Info:    ... okay on input line 59.
LaTeX Font Info:    Checking defaults for OT1/cmr/m/n on input line 59.
LaTeX Font Info:    ... okay on input line 59.
LaTeX Font Info:    Checking defaults for T1/cmr/m/n on input line 59.
LaTeX Font Info:    ... okay on input line 59.
LaTeX Font Info:    Checking defaults for TS1/cmr/m/n on input line 59.
LaTeX Font Info:    ... okay on input line 59.
LaTeX Font Info:    Checking defaults for OMX/cmex/m/n on input line 59.
LaTeX Font Info:    ... okay on input line 59.
LaTeX Font Info:    Checking defaults for U/cmr/m/n on input line 59.
LaTeX Font Info:    ... okay on input line 59.
LaTeX Font Info:    Checking defaults for PD1/pdf/m/n on input line 59.
LaTeX Font Info:    ... okay on input line 59.
LaTeX Font Info:    Checking defaults for PU/pdf/m/n on input line 59.
LaTeX Font Info:    ... okay on input line 59.

*geometry* driver: auto-detecting
*geometry* detected driver: pdftex
*geometry* verbose mode - [ preamble ] result:
* driver: pdftex
* paper: a4paper
* layout: <same size as paper>
* layoutoffset:(h,v)=(0.0pt,0.0pt)
* modes: 
* h-part:(L,W,R)=(72.26999pt, 452.9679pt, 72.26999pt)
* v-part:(T,H,B)=(72.26999pt, 700.50687pt, 72.26999pt)
* \paperwidth=597.50787pt
* \paperheight=845.04684pt
* \textwidth=452.9679pt
* \textheight=700.50687pt
* \oddsidemargin=0.0pt
* \evensidemargin=0.0pt
* \topmargin=-37.0pt
* \headheight=12.0pt
* \headsep=25.0pt
* \topskip=10.0pt
* \footskip=30.0pt
* \marginparwidth=65.0pt
* \marginparsep=11.0pt
* \columnsep=10.0pt
* \skip\footins=9.0pt plus 4.0pt minus 2.0pt
* \hoffset=0.0pt
* \voffset=0.0pt
* \mag=1000
* \@twocolumnfalse
* \@twosidefalse
* \@mparswitchfalse
* \@reversemarginfalse
* (1in=72.27pt=25.4mm, 1cm=28.453pt)

(E:\#Program Files\basic-miktex-21.6-x64\tex/context/base/mkii\supp-pdf.mkii
[Loading MPS to PDF converter (version 2006.09.02).]
\scratchcounter=\count312
\scratchdimen=\dimen272
\scratchbox=\box112
\nofMPsegments=\count313
\nofMParguments=\count314
\everyMPshowfont=\toks34
\MPscratchCnt=\count315
\MPscratchDim=\dimen273
\MPnumerator=\count316
\makeMPintoPDFobject=\count317
\everyMPtoPDFconversion=\toks35
)
(E:\#Program Files\basic-miktex-21.6-x64\tex/latex/epstopdf-pkg\epstopdf-base.s
ty
Package: epstopdf-base 2020-01-24 v2.11 Base part for package epstopdf
Package epstopdf-base Info: Redefining graphics rule for `.eps' on input line 4
85.
 (E:\#Program Files\basic-miktex-21.6-x64\tex/latex/00miktex\epstopdf-sys.cfg
File: epstopdf-sys.cfg 2021/03/18 v2.0 Configuration of epstopdf for MiKTeX
))
Package hyperref Info: Link coloring OFF on input line 59.
 (E:\#Program Files\basic-miktex-21.6-x64\tex/latex/hyperref\nameref.sty
Package: nameref 2021-04-02 v2.47 Cross-referencing by name of section

(E:\#Program Files\basic-miktex-21.6-x64\tex/latex/refcount\refcount.sty
Package: refcount 2019/12/15 v3.6 Data extraction from label references (HO)
)
(E:\#Program Files\basic-miktex-21.6-x64\tex/generic/gettitlestring\gettitlestr
ing.sty
Package: gettitlestring 2019/12/15 v1.6 Cleanup title references (HO)
)
\c@section@level=\count318
)
LaTeX Info: Redefining \ref on input line 59.
LaTeX Info: Redefining \pageref on input line 59.
LaTeX Info: Redefining \nameref on input line 59.
 (B.E. Report Template.out) (B.E. Report Template.out)
\@outlinefile=\write4
\openout4 = `"B.E. Report Template.out"'.

LaTeX Font Info:    External font `cmex10' loaded for size
(Font)              <12> on input line 90.
LaTeX Font Info:    External font `cmex10' loaded for size
(Font)              <8> on input line 90.
LaTeX Font Info:    External font `cmex10' loaded for size
(Font)              <6> on input line 90.
<images/college logo.jpg, id=461, 790.45313pt x 903.375pt>
File: images/college logo.jpg Graphic file (type jpg)
<use images/college logo.jpg>
Package pdftex.def Info: images/college logo.jpg  used on input line 104.
(pdftex.def)             Requested size: 79.04994pt x 90.34279pt.
 [1

{C:/Users/aksha/AppData/Local/MiKTeX/pdftex/config/pdftex.map} <./images/colleg
e logo.jpg>]
File: images/college logo.jpg Graphic file (type jpg)
<use images/college logo.jpg>
Package pdftex.def Info: images/college logo.jpg  used on input line 134.
(pdftex.def)             Requested size: 79.04994pt x 90.34279pt.
pdfTeX warning (ext4): destination with the same identifier (name{page.1}) has 
been already used, duplicate ignored
<to be read again> 
                   \relax 
l.190 	\end{titlepage}
                       [1]pdfTeX warning (ext4): destination with the same iden
tifier (name{page.1}) has been already used, duplicate ignored
<to be read again> 
                   \relax 
l.256 			\end{multicols}
                         [1]pdfTeX warning (ext4): destination with the same id
entifier (name{page.1}) has been already used, duplicate ignored
<to be read again> 
                   \relax 
l.299 
       [1] [1] (B.E. Report Template.toc [2


] [3])
\tf@toc=\write5
\openout5 = `"B.E. Report Template.toc"'.

 [4] (B.E. Report Template.lof)
\tf@lof=\write6
\openout6 = `"B.E. Report Template.lof"'.

 [5

] (B.E. Report Template.lot)
\tf@lot=\write7
\openout7 = `"B.E. Report Template.lot"'.

 [6

]
Chapter 1.
pdfTeX warning (ext4): destination with the same identifier (name{page.1}) has 
been already used, duplicate ignored
<to be read again> 
                   \relax 
l.344 		\section
                {Project Title} [1

]
Underfull \hbox (badness 10000) in paragraph at lines 345--346

 []


Underfull \hbox (badness 10000) in paragraph at lines 348--349

 []


Underfull \hbox (badness 10000) in paragraph at lines 351--352

 []


Underfull \hbox (badness 10000) in paragraph at lines 376--377

 []

[2]

Package hyperref Warning: Token not allowed in a PDF string (Unicode):
(hyperref)                removing `\\' on input line 388.

[3]
Chapter 2.
[4

] [5]
Chapter 3.
[6

] [7]
Chapter 4.
[8

]
LaTeX Font Info:    External font `cmex10' loaded for size
(Font)              <7> on input line 483.
LaTeX Font Info:    External font `cmex10' loaded for size
(Font)              <5> on input line 483.
 [9] [10]
Chapter 5.
[11

] [12] [13] [14] [15] [16]
Chapter 6.
[17

] [18] [19] [20]
Chapter 7.
[21

] [22]
Chapter 8.
[23

] [24]
Chapter 9.
[25

]
<images/testcases.jpg, id=901, 413.29407pt x 97.86563pt>
File: images/testcases.jpg Graphic file (type jpg)
<use images/testcases.jpg>
Package pdftex.def Info: images/testcases.jpg  used on input line 1022.
(pdftex.def)             Requested size: 413.29305pt x 97.86537pt.
 [26 <./images/testcases.jpg>]
Chapter 10.
[27

] [28]
Chapter 11.
[29

] [30] [31

] [32]
Annexure A.
[33

] [34]
Annexure B.
[35

] [36]
Annexure C.
[37

]
<images/project plan.jpg, id=953, 643.6547pt x 206.27063pt>
File: images/project plan.jpg Graphic file (type jpg)
<use images/project plan.jpg>
Package pdftex.def Info: images/project plan.jpg  used on input line 1147.
(pdftex.def)             Requested size: 482.73984pt x 154.70258pt.

Overfull \hbox (29.77194pt too wide) in paragraph at lines 1147--1148
 [][] 
 []

[38 <./images/project plan.jpg>]
Annexure D.
[39

] [40]
Annexure E.
[41

]
<images/plagiarism report.jpg, id=976, 423.08063pt x 356.0803pt>
File: images/plagiarism report.jpg Graphic file (type jpg)
<use images/plagiarism report.jpg>
Package pdftex.def Info: images/plagiarism report.jpg  used on input line 1179.

(pdftex.def)             Requested size: 423.07959pt x 356.07944pt.
 [42 <./images/plagiarism report.jpg>]
Annexure F.
[43

]
File: images/testcases.jpg Graphic file (type jpg)
<use images/testcases.jpg>
Package pdftex.def Info: images/testcases.jpg  used on input line 1209.
(pdftex.def)             Requested size: 413.29305pt x 97.86537pt.
 [44]
Annexure G.
[45

]
<images/student1.jpg, id=1000, 1284.8pt x 1284.8pt>
File: images/student1.jpg Graphic file (type jpg)
<use images/student1.jpg>
Package pdftex.def Info: images/student1.jpg  used on input line 1222.
(pdftex.def)             Requested size: 64.24376pt x 64.24376pt.

Overfull \vbox (40.4438pt too high) detected at line 1222
 []

<images/student2.jpg, id=1001, 1284.8pt x 1284.8pt>
File: images/student2.jpg Graphic file (type jpg)
<use images/student2.jpg>
Package pdftex.def Info: images/student2.jpg  used on input line 1236.
(pdftex.def)             Requested size: 64.24376pt x 64.24376pt.

Overfull \vbox (40.4438pt too high) detected at line 1236
 []

<images/student3.jpg, id=1002, 1284.8pt x 1284.8pt>
File: images/student3.jpg Graphic file (type jpg)
<use images/student3.jpg>
Package pdftex.def Info: images/student3.jpg  used on input line 1250.
(pdftex.def)             Requested size: 64.24376pt x 64.24376pt.

Overfull \vbox (40.4438pt too high) detected at line 1250
 []

<images/student4.jpg, id=1003, 1284.8pt x 1284.8pt>
File: images/student4.jpg Graphic file (type jpg)
<use images/student4.jpg>
Package pdftex.def Info: images/student4.jpg  used on input line 1264.
(pdftex.def)             Requested size: 64.24376pt x 64.24376pt.

Overfull \vbox (40.4438pt too high) detected at line 1264
 []

[46 <./images/student1.jpg (PNG copy)> <./images/student2.jpg (PNG copy)> <./im
ages/student3.jpg (PNG copy)> <./images/student4.jpg (PNG copy)>]
(B.E. Report Template.aux)
Package rerunfilecheck Info: File `"B.E. Report Template".out' has not changed.

(rerunfilecheck)             Checksum: D3F6DAF72796FCAD6DC0C9BA2A306558;20824.
 ) 
Here is how much of TeX's memory you used:
 21042 strings out of 478864
 388818 string characters out of 2850982
 820012 words of memory out of 3000000
 38375 multiletter control sequences out of 15000+600000
 408935 words of font info for 45 fonts, out of 8000000 for 9000
 1141 hyphenation exceptions out of 8191
 102i,14n,108p,891b,472s stack positions out of 5000i,500n,10000p,200000b,80000s
 <C:\Users\aksha\AppData\Local\MiKTeX\fonts/pk/ljfour/jknappen/ec/dpi600\tcrm
1200.pk><E:/#Program Files/basic-miktex-21.6-x64/fonts/type1/public/amsfonts/cm
/cmbx10.pfb><E:/#Program Files/basic-miktex-21.6-x64/fonts/type1/public/amsfont
s/cm/cmbx12.pfb><E:/#Program Files/basic-miktex-21.6-x64/fonts/type1/public/ams
fonts/cm/cmmi10.pfb><E:/#Program Files/basic-miktex-21.6-x64/fonts/type1/public
/amsfonts/cm/cmr10.pfb><E:/#Program Files/basic-miktex-21.6-x64/fonts/type1/pub
lic/amsfonts/cm/cmr12.pfb><E:/#Program Files/basic-miktex-21.6-x64/fonts/type1/
public/amsfonts/cm/cmsy10.pfb>
Output written on "B.E. Report Template.pdf" (56 pages, 732787 bytes).
PDF statistics:
 1084 PDF objects out of 1200 (max. 8388607)
 209 named destinations out of 1000 (max. 500000)
 965 words of extra memory for PDF output out of 10000 (max. 10000000)

