\BOOKMARK [0][-]{chapter.1}{\376\377\000S\000y\000n\000o\000p\000s\000i\000s}{}% 1
\BOOKMARK [1][-]{section.1.1}{\376\377\000P\000r\000o\000j\000e\000c\000t\000\040\000T\000i\000t\000l\000e}{chapter.1}% 2
\BOOKMARK [1][-]{section.1.2}{\376\377\000P\000r\000o\000j\000e\000c\000t\000\040\000O\000p\000t\000i\000o\000n}{chapter.1}% 3
\BOOKMARK [1][-]{section.1.3}{\376\377\000I\000n\000t\000e\000r\000n\000a\000l\000\040\000G\000u\000i\000d\000e}{chapter.1}% 4
\BOOKMARK [1][-]{section.1.4}{\376\377\000T\000e\000c\000h\000n\000i\000c\000a\000l\000\040\000K\000e\000y\000w\000o\000r\000d\000s\000\040\000\050\000a\000s\000\040\000p\000e\000r\000\040\000A\000C\000M\000\040\000K\000e\000y\000w\000o\000r\000d\000s\000\051}{chapter.1}% 5
\BOOKMARK [1][-]{section.1.5}{\376\377\000P\000r\000o\000b\000l\000e\000m\000\040\000S\000t\000a\000t\000e\000m\000e\000n\000t}{chapter.1}% 6
\BOOKMARK [1][-]{section.1.6}{\376\377\000G\000o\000a\000l\000s\000\040\000a\000n\000d\000\040\000O\000b\000j\000e\000c\000t\000i\000v\000e\000s\000\040\000:}{chapter.1}% 7
\BOOKMARK [1][-]{section.1.7}{\376\377\000R\000e\000l\000e\000v\000a\000n\000t\000\040\000M\000a\000t\000h\000e\000m\000a\000t\000i\000c\000s\000\040\000a\000s\000s\000o\000c\000i\000a\000t\000e\000d\000\040\000w\000i\000t\000h\000\040\000t\000h\000e\000\040\000P\000r\000o\000j\000e\000c\000t}{chapter.1}% 8
\BOOKMARK [1][-]{section.1.8}{\376\377\000N\000a\000m\000e\000s\000\040\000o\000f\000\040\000C\000o\000n\000f\000e\000r\000e\000n\000c\000e\000s\000/\000\040\000J\000o\000u\000r\000n\000a\000l\000s\000\040\000w\000h\000e\000r\000e\000\040\000p\000a\000p\000e\000r\000s\000\040\000c\000a\000n\000\040\000b\000e\000\040\000\040\000p\000u\000b\000l\000i\000s\000h\000e\000d\000\040\000:}{chapter.1}% 9
\BOOKMARK [1][-]{section.1.9}{\376\377\000R\000e\000v\000i\000e\000w\000\040\000o\000f\000\040\000C\000o\000n\000f\000e\000r\000e\000n\000c\000e\000/\000\040\000J\000o\000u\000r\000n\000a\000l\000\040\000P\000a\000p\000e\000r\000s\000\040\000s\000u\000p\000p\000o\000r\000t\000i\000n\000g\000\040\000p\000r\000o\000j\000e\000c\000t\000\040\000i\000d\000e\000a}{chapter.1}% 10
\BOOKMARK [1][-]{section.1.10}{\376\377\000P\000l\000a\000n\000\040\000o\000f\000\040\000P\000r\000o\000j\000e\000c\000t\000\040\000E\000x\000e\000c\000u\000t\000i\000o\000n}{chapter.1}% 11
\BOOKMARK [0][-]{chapter.2}{\376\377\000T\000e\000c\000h\000n\000i\000c\000a\000l\000\040\000K\000e\000y\000w\000o\000r\000d\000s}{}% 12
\BOOKMARK [1][-]{section.2.1}{\376\377\000A\000r\000e\000a\000\040\000o\000f\000\040\000P\000r\000o\000j\000e\000c\000t}{chapter.2}% 13
\BOOKMARK [1][-]{section.2.2}{\376\377\000T\000e\000c\000h\000n\000i\000c\000a\000l\000\040\000K\000e\000y\000w\000o\000r\000d\000s}{chapter.2}% 14
\BOOKMARK [0][-]{chapter.3}{\376\377\000I\000n\000t\000r\000o\000d\000u\000c\000t\000i\000o\000n}{}% 15
\BOOKMARK [1][-]{section.3.1}{\376\377\000P\000r\000o\000j\000e\000c\000t\000\040\000I\000d\000e\000a}{chapter.3}% 16
\BOOKMARK [1][-]{section.3.2}{\376\377\000M\000o\000t\000i\000v\000a\000t\000i\000o\000n\000\040\000o\000f\000\040\000t\000h\000e\000\040\000P\000r\000o\000j\000e\000c\000t}{chapter.3}% 17
\BOOKMARK [1][-]{section.3.3}{\376\377\000L\000i\000t\000e\000r\000a\000t\000u\000r\000e\000\040\000S\000u\000r\000v\000e\000y}{chapter.3}% 18
\BOOKMARK [0][-]{chapter.4}{\376\377\000P\000r\000o\000b\000l\000e\000m\000\040\000D\000e\000f\000i\000n\000i\000t\000i\000o\000n\000\040\000a\000n\000d\000\040\000S\000c\000o\000p\000e}{}% 19
\BOOKMARK [1][-]{section.4.1}{\376\377\000P\000r\000o\000b\000l\000e\000m\000\040\000S\000t\000a\000t\000e\000m\000e\000n\000t}{chapter.4}% 20
\BOOKMARK [2][-]{subsection.4.1.1}{\376\377\000G\000o\000a\000l\000s\000\040\000a\000n\000d\000\040\000O\000b\000j\000e\000c\000t\000i\000v\000e\000s}{section.4.1}% 21
\BOOKMARK [2][-]{subsection.4.1.2}{\376\377\000S\000t\000a\000t\000e\000m\000e\000n\000t\000\040\000o\000f\000\040\000S\000c\000o\000p\000e}{section.4.1}% 22
\BOOKMARK [2][-]{subsection.4.1.3}{\376\377\000S\000o\000f\000t\000w\000a\000r\000e\000\040\000C\000o\000n\000t\000e\000x\000t}{section.4.1}% 23
\BOOKMARK [1][-]{section.4.2}{\376\377\000M\000a\000j\000o\000r\000\040\000C\000o\000n\000s\000t\000r\000a\000i\000n\000t\000s}{chapter.4}% 24
\BOOKMARK [1][-]{section.4.3}{\376\377\000M\000e\000t\000h\000o\000d\000o\000l\000o\000g\000i\000e\000s\000\040\000o\000f\000\040\000P\000r\000o\000b\000l\000e\000m\000\040\000s\000o\000l\000v\000i\000n\000g\000\040\000a\000n\000d\000\040\000e\000f\000f\000i\000c\000i\000e\000n\000c\000y\000\040\000I\000s\000s\000u\000e\000s}{chapter.4}% 25
\BOOKMARK [1][-]{section.4.4}{\376\377\000O\000u\000t\000c\000o\000m\000e}{chapter.4}% 26
\BOOKMARK [1][-]{section.4.5}{\376\377\000A\000p\000p\000l\000i\000c\000a\000t\000i\000o\000n\000s}{chapter.4}% 27
\BOOKMARK [1][-]{section.4.6}{\376\377\000H\000a\000r\000d\000w\000a\000r\000e\000\040\000R\000e\000s\000o\000u\000r\000c\000e\000s\000\040\000R\000e\000q\000u\000i\000r\000e\000d}{chapter.4}% 28
\BOOKMARK [1][-]{section.4.7}{\376\377\000S\000o\000f\000t\000w\000a\000r\000e\000\040\000R\000e\000s\000o\000u\000r\000c\000e\000s\000\040\000R\000e\000q\000u\000i\000r\000e\000d}{chapter.4}% 29
\BOOKMARK [0][-]{chapter.5}{\376\377\000P\000r\000o\000j\000e\000c\000t\000\040\000P\000l\000a\000n}{}% 30
\BOOKMARK [1][-]{section.5.1}{\376\377\000P\000r\000o\000j\000e\000c\000t\000\040\000E\000s\000t\000i\000m\000a\000t\000e\000s}{chapter.5}% 31
\BOOKMARK [2][-]{subsection.5.1.1}{\376\377\000R\000e\000c\000o\000n\000c\000i\000l\000e\000d\000\040\000E\000s\000t\000i\000m\000a\000t\000e\000s}{section.5.1}% 32
\BOOKMARK [3][-]{subsubsection.5.1.1.1}{\376\377\000C\000o\000s\000t\000\040\000E\000s\000t\000i\000m\000a\000t\000e}{subsection.5.1.1}% 33
\BOOKMARK [3][-]{subsubsection.5.1.1.2}{\376\377\000T\000i\000m\000e\000\040\000E\000s\000t\000i\000m\000a\000t\000e}{subsection.5.1.1}% 34
\BOOKMARK [2][-]{subsection.5.1.2}{\376\377\000P\000r\000o\000j\000e\000c\000t\000\040\000R\000e\000s\000o\000u\000r\000c\000e\000s}{section.5.1}% 35
\BOOKMARK [1][-]{section.5.2}{\376\377\000R\000i\000s\000k\000\040\000M\000a\000n\000a\000g\000e\000m\000e\000n\000t\000\040\000w\000.\000r\000.\000t\000.\000\040\000N\000P\000\040\000H\000a\000r\000d\000\040\000a\000n\000a\000l\000y\000s\000i\000s}{chapter.5}% 36
\BOOKMARK [2][-]{subsection.5.2.1}{\376\377\000R\000i\000s\000k\000\040\000I\000d\000e\000n\000t\000i\000f\000i\000c\000a\000t\000i\000o\000n}{section.5.2}% 37
\BOOKMARK [2][-]{subsection.5.2.2}{\376\377\000R\000i\000s\000k\000\040\000A\000n\000a\000l\000y\000s\000i\000s}{section.5.2}% 38
\BOOKMARK [2][-]{subsection.5.2.3}{\376\377\000O\000v\000e\000r\000v\000i\000e\000w\000\040\000o\000f\000\040\000R\000i\000s\000k\000\040\000M\000i\000t\000i\000g\000a\000t\000i\000o\000n\000,\000\040\000M\000o\000n\000i\000t\000o\000r\000i\000n\000g\000,\000\040\000M\000a\000n\000a\000g\000e\000m\000e\000n\000t\000.}{section.5.2}% 39
\BOOKMARK [1][-]{section.5.3}{\376\377\000P\000r\000o\000j\000e\000c\000t\000\040\000S\000c\000h\000e\000d\000u\000l\000e}{chapter.5}% 40
\BOOKMARK [2][-]{subsection.5.3.1}{\376\377\000P\000r\000o\000j\000e\000c\000t\000\040\000T\000a\000s\000k\000\040\000S\000e\000t}{section.5.3}% 41
\BOOKMARK [2][-]{subsection.5.3.2}{\376\377\000T\000a\000s\000k\000\040\000N\000e\000t\000w\000o\000r\000k}{section.5.3}% 42
\BOOKMARK [2][-]{subsection.5.3.3}{\376\377\000T\000i\000m\000e\000l\000i\000n\000e\000\040\000C\000h\000a\000r\000t}{section.5.3}% 43
\BOOKMARK [1][-]{section.5.4}{\376\377\000T\000e\000a\000m\000\040\000O\000r\000g\000a\000n\000i\000s\000a\000t\000i\000o\000n}{chapter.5}% 44
\BOOKMARK [2][-]{subsection.5.4.1}{\376\377\000T\000e\000a\000m\000\040\000s\000t\000r\000u\000c\000t\000u\000r\000e}{section.5.4}% 45
\BOOKMARK [2][-]{subsection.5.4.2}{\376\377\000M\000a\000n\000a\000g\000e\000m\000e\000n\000t\000\040\000r\000e\000p\000o\000r\000t\000i\000n\000g\000\040\000a\000n\000d\000\040\000c\000o\000m\000m\000u\000n\000i\000c\000a\000t\000i\000o\000n}{section.5.4}% 46
\BOOKMARK [0][-]{chapter.6}{\376\377\000S\000o\000f\000t\000w\000a\000r\000e\000\040\000R\000e\000q\000u\000i\000r\000e\000m\000e\000n\000t\000\040\000S\000p\000e\000c\000i\000f\000i\000c\000a\000t\000i\000o\000n\000\040\000\050\000S\000R\000S\000\040\000t\000o\000\040\000b\000e\000\040\000p\000r\000e\000p\000a\000r\000e\000d\000\040\000u\000s\000i\000n\000g\000\040\000r\000e\000l\000e\000v\000a\000n\000t\000\040\000M\000a\000t\000h\000e\000m\000a\000t\000i\000c\000s\000\040\000d\000e\000r\000i\000v\000e\000d\000\040\000a\000n\000d\000\040\000S\000o\000f\000t\000w\000a\000r\000e\000\040\000E\000n\000g\000i\000n\000e\000e\000r\000i\000n\000g\000\040\000I\000n\000d\000i\000c\000a\000t\000o\000r\000s\000\040\000i\000n\000\040\000A\000n\000n\000e\000x\000.\000\040\000A\000\040\000a\000n\000d\000\040\000B\000.\000\051}{}% 47
\BOOKMARK [1][-]{section.6.1}{\376\377\000I\000n\000t\000r\000o\000d\000u\000c\000t\000i\000o\000n}{chapter.6}% 48
\BOOKMARK [2][-]{subsection.6.1.1}{\376\377\000P\000u\000r\000p\000o\000s\000e\000\040\000a\000n\000d\000\040\000S\000c\000o\000p\000e\000\040\000o\000f\000\040\000t\000h\000e\000\040\000D\000o\000c\000u\000m\000e\000n\000t}{section.6.1}% 49
\BOOKMARK [2][-]{subsection.6.1.2}{\376\377\000O\000v\000e\000r\000v\000i\000e\000w\000\040\000o\000f\000\040\000r\000e\000s\000p\000o\000n\000s\000i\000b\000i\000l\000i\000t\000i\000e\000s\000\040\000o\000f\000\040\000D\000e\000v\000e\000l\000o\000p\000e\000r}{section.6.1}% 50
\BOOKMARK [1][-]{section.6.2}{\376\377\000U\000s\000a\000g\000e\000\040\000S\000c\000e\000n\000a\000r\000i\000o}{chapter.6}% 51
\BOOKMARK [2][-]{subsection.6.2.1}{\376\377\000U\000s\000e\000r\000\040\000P\000r\000o\000f\000i\000l\000e\000s}{section.6.2}% 52
\BOOKMARK [2][-]{subsection.6.2.2}{\376\377\000U\000s\000e\000-\000c\000a\000s\000e\000s}{section.6.2}% 53
\BOOKMARK [2][-]{subsection.6.2.3}{\376\377\000U\000s\000e\000-\000c\000a\000s\000e\000\040\000V\000i\000e\000w}{section.6.2}% 54
\BOOKMARK [1][-]{section.6.3}{\376\377\000D\000a\000t\000a\000\040\000M\000o\000d\000e\000l\000\040\000a\000n\000d\000\040\000D\000e\000s\000c\000r\000i\000p\000t\000i\000o\000n}{chapter.6}% 55
\BOOKMARK [2][-]{subsection.6.3.1}{\376\377\000D\000a\000t\000a\000\040\000D\000e\000s\000c\000r\000i\000p\000t\000i\000o\000n}{section.6.3}% 56
\BOOKMARK [2][-]{subsection.6.3.2}{\376\377\000D\000a\000t\000a\000\040\000O\000b\000j\000e\000c\000t\000s\000\040\000a\000n\000d\000\040\000R\000e\000l\000a\000t\000i\000o\000n\000s\000h\000i\000p\000s}{section.6.3}% 57
\BOOKMARK [1][-]{section.6.4}{\376\377\000F\000u\000n\000c\000t\000i\000o\000n\000a\000l\000\040\000M\000o\000d\000e\000l\000\040\000a\000n\000d\000\040\000D\000e\000s\000c\000r\000i\000p\000t\000i\000o\000n}{chapter.6}% 58
\BOOKMARK [2][-]{subsection.6.4.1}{\376\377\000D\000a\000t\000a\000\040\000F\000l\000o\000w\000\040\000D\000i\000a\000g\000r\000a\000m}{section.6.4}% 59
\BOOKMARK [3][-]{subsubsection.6.4.1.1}{\376\377\000L\000e\000v\000e\000l\000\040\0000\000\040\000D\000a\000t\000a\000\040\000F\000l\000o\000w\000\040\000D\000i\000a\000g\000r\000a\000m}{subsection.6.4.1}% 60
\BOOKMARK [3][-]{subsubsection.6.4.1.2}{\376\377\000L\000e\000v\000e\000l\000\040\0001\000\040\000D\000a\000t\000a\000\040\000F\000l\000o\000w\000\040\000D\000i\000a\000g\000r\000a\000m}{subsection.6.4.1}% 61
\BOOKMARK [2][-]{subsection.6.4.2}{\376\377\000D\000e\000s\000c\000r\000i\000p\000t\000i\000o\000n\000\040\000o\000f\000\040\000f\000u\000n\000c\000t\000i\000o\000n\000s}{section.6.4}% 62
\BOOKMARK [2][-]{subsection.6.4.3}{\376\377\000A\000c\000t\000i\000v\000i\000t\000y\000\040\000D\000i\000a\000g\000r\000a\000m}{section.6.4}% 63
\BOOKMARK [2][-]{subsection.6.4.4}{\376\377\000N\000o\000n\000-\000F\000u\000n\000c\000t\000i\000o\000n\000a\000l\000\040\000R\000e\000q\000u\000i\000r\000e\000m\000e\000n\000t\000s}{section.6.4}% 64
\BOOKMARK [2][-]{subsection.6.4.5}{\376\377\000S\000t\000a\000t\000e\000\040\000D\000i\000a\000g\000r\000a\000m}{section.6.4}% 65
\BOOKMARK [2][-]{subsection.6.4.6}{\376\377\000D\000e\000s\000i\000g\000n\000\040\000C\000o\000n\000s\000t\000r\000a\000i\000n\000t\000s}{section.6.4}% 66
\BOOKMARK [2][-]{subsection.6.4.7}{\376\377\000S\000o\000f\000t\000w\000a\000r\000e\000\040\000I\000n\000t\000e\000r\000f\000a\000c\000e\000\040\000D\000e\000s\000c\000r\000i\000p\000t\000i\000o\000n}{section.6.4}% 67
\BOOKMARK [0][-]{chapter.7}{\376\377\000D\000e\000t\000a\000i\000l\000e\000d\000\040\000D\000e\000s\000i\000g\000n\000\040\000D\000o\000c\000u\000m\000e\000n\000t\000\040\000u\000s\000i\000n\000g\000\040\000A\000p\000p\000e\000n\000d\000i\000x\000\040\000A\000\040\000a\000n\000d\000\040\000B}{}% 68
\BOOKMARK [1][-]{section.7.1}{\376\377\000I\000n\000t\000r\000o\000d\000u\000c\000t\000i\000o\000n}{chapter.7}% 69
\BOOKMARK [1][-]{section.7.2}{\376\377\000A\000r\000c\000h\000i\000t\000e\000c\000t\000u\000r\000a\000l\000\040\000D\000e\000s\000i\000g\000n}{chapter.7}% 70
\BOOKMARK [1][-]{section.7.3}{\376\377\000D\000a\000t\000a\000\040\000D\000e\000s\000i\000g\000n}{chapter.7}% 71
\BOOKMARK [2][-]{subsection.7.3.1}{\376\377\000I\000n\000t\000e\000r\000n\000a\000l\000\040\000s\000o\000f\000t\000w\000a\000r\000e\000\040\000d\000a\000t\000a\000\040\000s\000t\000r\000u\000c\000t\000u\000r\000e}{section.7.3}% 72
\BOOKMARK [2][-]{subsection.7.3.2}{\376\377\000G\000l\000o\000b\000a\000l\000\040\000d\000a\000t\000a\000\040\000s\000t\000r\000u\000c\000t\000u\000r\000e}{section.7.3}% 73
\BOOKMARK [2][-]{subsection.7.3.3}{\376\377\000T\000e\000m\000p\000o\000r\000a\000r\000y\000\040\000d\000a\000t\000a\000\040\000s\000t\000r\000u\000c\000t\000u\000r\000e}{section.7.3}% 74
\BOOKMARK [2][-]{subsection.7.3.4}{\376\377\000D\000a\000t\000a\000b\000a\000s\000e\000\040\000d\000e\000s\000c\000r\000i\000p\000t\000i\000o\000n}{section.7.3}% 75
\BOOKMARK [1][-]{section.7.4}{\376\377\000C\000o\000m\000p\000o\000n\000e\000n\000t\000\040\000D\000e\000s\000i\000g\000n}{chapter.7}% 76
\BOOKMARK [2][-]{subsection.7.4.1}{\376\377\000C\000l\000a\000s\000s\000\040\000D\000i\000a\000g\000r\000a\000m}{section.7.4}% 77
\BOOKMARK [0][-]{chapter.8}{\376\377\000P\000r\000o\000j\000e\000c\000t\000\040\000I\000m\000p\000l\000e\000m\000e\000n\000t\000a\000t\000i\000o\000n}{}% 78
\BOOKMARK [1][-]{section.8.1}{\376\377\000I\000n\000t\000r\000o\000d\000u\000c\000t\000i\000o\000n}{chapter.8}% 79
\BOOKMARK [1][-]{section.8.2}{\376\377\000T\000o\000o\000l\000s\000\040\000a\000n\000d\000\040\000T\000e\000c\000h\000n\000o\000l\000o\000g\000i\000e\000s\000\040\000u\000s\000e\000d}{chapter.8}% 80
\BOOKMARK [2][-]{subsection.8.2.1}{\376\377\000T\000o\000o\000l\000s}{section.8.2}% 81
\BOOKMARK [2][-]{subsection.8.2.2}{\376\377\000T\000e\000c\000h\000n\000o\000l\000o\000g\000i\000e\000s}{section.8.2}% 82
\BOOKMARK [1][-]{section.8.3}{\376\377\000M\000e\000t\000h\000o\000d\000o\000l\000o\000g\000i\000e\000s\000/\000\040\000A\000l\000g\000o\000r\000i\000t\000h\000m\000\040\000u\000s\000e\000d}{chapter.8}% 83
\BOOKMARK [2][-]{subsection.8.3.1}{\376\377\000M\000e\000t\000h\000o\000d\000o\000l\000o\000g\000i\000e\000s}{section.8.3}% 84
\BOOKMARK [2][-]{subsection.8.3.2}{\376\377\000A\000l\000g\000o\000r\000i\000t\000h\000m}{section.8.3}% 85
\BOOKMARK [1][-]{section.8.4}{\376\377\000V\000e\000r\000i\000f\000i\000c\000a\000t\000i\000o\000n\000\040\000a\000n\000d\000\040\000V\000a\000l\000i\000d\000a\000t\000i\000o\000n\000\040\000f\000o\000r\000\040\000A\000c\000c\000e\000p\000t\000a\000n\000c\000e\000\040\000T\000e\000s\000t\000i\000n\000g}{chapter.8}% 86
\BOOKMARK [2][-]{subsection.8.4.1}{\376\377\000H\000a\000r\000d\000w\000a\000r\000e\000\040\000F\000a\000i\000l\000u\000r\000e}{section.8.4}% 87
\BOOKMARK [2][-]{subsection.8.4.2}{\376\377\000S\000t\000r\000e\000a\000m\000i\000n\000g\000\040\000D\000a\000t\000a\000\040\000A\000c\000c\000e\000s\000s}{section.8.4}% 88
\BOOKMARK [2][-]{subsection.8.4.3}{\376\377\000L\000a\000r\000g\000e\000\040\000D\000a\000t\000a\000\040\000S\000e\000t\000s}{section.8.4}% 89
\BOOKMARK [2][-]{subsection.8.4.4}{\376\377\000S\000i\000m\000p\000l\000e\000\040\000C\000o\000h\000e\000r\000e\000n\000c\000y\000\040\000M\000o\000d\000e\000l}{section.8.4}% 90
\BOOKMARK [0][-]{chapter.9}{\376\377\000T\000e\000s\000t\000i\000n\000g}{}% 91
\BOOKMARK [1][-]{section.9.1}{\376\377\000T\000y\000p\000e\000\040\000o\000f\000\040\000T\000e\000s\000t\000i\000n\000g\000\040\000U\000s\000e\000d}{chapter.9}% 92
\BOOKMARK [2][-]{subsection.9.1.1}{\376\377\000M\000o\000d\000u\000l\000e\000\040\000L\000e\000v\000e\000l\000\040\000T\000e\000s\000t\000i\000n\000g}{section.9.1}% 93
\BOOKMARK [2][-]{subsection.9.1.2}{\376\377\000F\000u\000n\000c\000t\000i\000o\000n\000\040\000T\000e\000s\000t\000i\000n\000g}{section.9.1}% 94
\BOOKMARK [2][-]{subsection.9.1.3}{\376\377\000S\000y\000s\000t\000e\000m\000\040\000T\000e\000s\000t\000i\000n\000g}{section.9.1}% 95
\BOOKMARK [1][-]{section.9.2}{\376\377\000T\000e\000s\000t\000\040\000C\000a\000s\000e\000s\000\040\000a\000n\000d\000\040\000T\000e\000s\000t\000\040\000R\000e\000s\000u\000l\000t\000s}{chapter.9}% 96
\BOOKMARK [0][-]{chapter.10}{\376\377\000O\000u\000t\000p\000u\000t\000s\000/\000\040\000R\000e\000s\000u\000l\000t\000s}{}% 97
\BOOKMARK [0][-]{chapter.11}{\376\377\000C\000o\000n\000c\000l\000u\000s\000i\000o\000n\000\040\000a\000n\000d\000\040\000F\000u\000t\000u\000r\000e\000\040\000S\000c\000o\000p\000e}{}% 98
\BOOKMARK [1][-]{section.11.1}{\376\377\000C\000o\000n\000c\000l\000u\000s\000i\000o\000n}{chapter.11}% 99
\BOOKMARK [1][-]{section.11.2}{\376\377\000F\000u\000t\000u\000r\000e\000\040\000S\000c\000o\000p\000e}{chapter.11}% 100
\BOOKMARK [0][-]{section.11.2}{\376\377\000R\000e\000f\000e\000r\000e\000n\000c\000e\000s}{}% 101
\BOOKMARK [0][-]{appendix.a.A}{\376\377\000A\000n\000n\000e\000x\000u\000r\000e\000\040\000L\000a\000b\000o\000r\000a\000t\000o\000r\000y\000\040\000A\000s\000s\000i\000g\000n\000m\000e\000n\000t\000s\000\040\000o\000n\000\040\000P\000r\000o\000j\000e\000c\000t\000\040\000A\000n\000a\000l\000y\000s\000i\000s\000\040\000o\000f\000\040\000A\000l\000g\000o\000r\000i\000t\000h\000m\000i\000c\000\040\000D\000e\000s\000i\000g\000n\000.}{}% 102
\BOOKMARK [0][-]{appendix.a.B}{\376\377\000A\000n\000n\000e\000x\000u\000r\000e\000\040\000L\000a\000b\000o\000r\000a\000t\000o\000r\000y\000\040\000A\000s\000s\000i\000g\000n\000m\000e\000n\000t\000s\000\040\000o\000n\000\040\000P\000r\000o\000j\000e\000c\000t\000\040\000Q\000u\000a\000l\000i\000t\000y\000\040\000a\000n\000d\000\040\000R\000e\000l\000i\000a\000b\000i\000l\000i\000t\000y\000\040\000T\000e\000s\000t\000i\000n\000g\000\040\000o\000f\000\040\000P\000r\000o\000j\000e\000c\000t\000\040\000D\000e\000s\000i\000g\000n\000.}{}% 103
\BOOKMARK [1][-]{section.a.B.1}{\376\377\000M\000a\000t\000h\000e\000m\000a\000t\000i\000c\000a\000l\000\040\000E\000q\000u\000a\000t\000i\000o\000n}{appendix.a.B}% 104
\BOOKMARK [1][-]{section.a.B.2}{\376\377\000S\000e\000q\000u\000e\000n\000c\000e\000\040\000D\000i\000a\000g\000r\000a\000m}{appendix.a.B}% 105
\BOOKMARK [1][-]{section.a.B.3}{\376\377\000D\000e\000p\000l\000o\000y\000m\000e\000n\000t\000\040\000D\000i\000a\000g\000r\000a\000m}{appendix.a.B}% 106
\BOOKMARK [0][-]{appendix.a.C}{\376\377\000A\000n\000n\000e\000x\000u\000r\000e\000\040\000P\000r\000o\000j\000e\000c\000t\000\040\000P\000l\000a\000n\000.}{}% 107
\BOOKMARK [0][-]{appendix.a.D}{\376\377\000A\000n\000n\000e\000x\000u\000r\000e\000\040\000R\000e\000v\000i\000e\000w\000e\000r\000'\000s\000\040\000C\000o\000m\000m\000e\000n\000t\000s\000\040\000o\000n\000\040\000S\000u\000b\000m\000i\000t\000t\000e\000d\000\040\000P\000a\000p\000e\000r\000.}{}% 108
\BOOKMARK [0][-]{appendix.a.E}{\376\377\000A\000n\000n\000e\000x\000u\000r\000e\000\040\000P\000l\000a\000g\000i\000a\000r\000i\000s\000m\000\040\000R\000e\000p\000o\000r\000t\000.}{}% 109
\BOOKMARK [0][-]{appendix.a.F}{\376\377\000A\000n\000n\000e\000x\000u\000r\000e\000\040\000T\000E\000R\000M\000-\000I\000I\000\040\000P\000r\000o\000j\000e\000c\000t\000\040\000L\000a\000b\000o\000r\000a\000t\000o\000r\000y\000\040\000A\000s\000s\000i\000g\000n\000m\000e\000n\000t\000s\000.}{}% 110
\BOOKMARK [1][-]{section.a.F.1}{\376\377\000S\000o\000f\000t\000w\000a\000r\000e\000\050\000s\000\051\000\040\000I\000n\000s\000t\000a\000l\000l\000a\000t\000i\000o\000n}{appendix.a.F}% 111
\BOOKMARK [1][-]{section.a.F.2}{\376\377\000G\000U\000I\000/\000I\000n\000t\000e\000r\000f\000a\000c\000e}{appendix.a.F}% 112
\BOOKMARK [1][-]{section.a.F.3}{\376\377\000T\000e\000s\000t\000\040\000C\000a\000s\000e\000s}{appendix.a.F}% 113
\BOOKMARK [0][-]{appendix.a.G}{\376\377\000A\000n\000n\000e\000x\000u\000r\000e\000\040\000I\000n\000f\000o\000r\000m\000a\000t\000i\000o\000n\000\040\000o\000f\000\040\000P\000r\000o\000j\000e\000c\000t\000\040\000G\000r\000o\000u\000p\000\040\000M\000e\000m\000b\000e\000r\000s\000.}{}% 114
